<?xml version="1.0" encoding="UTF-8"?>
<Site BuildName="(empty)"
	BuildStamp="20200427-0046-Experimental"
	Name="(empty)"
	Generator="ctest-3.17.1"
	CompilerName=""
	CompilerVersion=""
	OSName="Linux"
	Hostname="tahaziadeh-HP-Pavilion-g6-Notebook-PC"
	OSRelease="4.15.0-88-generic"
	OSVersion="#88~16.04.1-Ubuntu SMP Wed Feb 12 04:19:15 UTC 2020"
	OSPlatform="x86_64"
	Is64Bits="1"
	VendorString="GenuineIntel"
	VendorID="Intel Corporation"
	FamilyID="6"
	ModelID="42"
	ProcessorCacheSize="3072"
	NumberOfLogicalCPU="4"
	NumberOfPhysicalCPU="2"
	TotalVirtualMemory="8138"
	TotalPhysicalMemory="7923"
	LogicalProcessorsPerPhysical="2"
	ProcessorClockFrequency="2892.59"
	>
	<Testing>
		<StartDateTime>Apr 27 03:46 EEST</StartDateTime>
		<StartTestTime>1587948408</StartTestTime>
		<TestList>
			<Test>./test/MatrixVectorMultiplyTests</Test>
		</TestList>
		<Test Status="passed">
			<Name>MatrixVectorMultiplyTests</Name>
			<Path>./test</Path>
			<FullName>./test/MatrixVectorMultiplyTests</FullName>
			<FullCommandLine>/home/tahaziadeh/Desktop/learning/C++/Example/build/test/MatrixVectorMultiplyTests</FullCommandLine>
			<Results>
				<NamedMeasurement type="numeric/double" name="Execution Time">
					<Value>0.0128769</Value>
				</NamedMeasurement>
				<NamedMeasurement type="numeric/double" name="Processors">
					<Value>1</Value>
				</NamedMeasurement>
				<NamedMeasurement type="text/string" name="Completion Status">
					<Value>Completed</Value>
				</NamedMeasurement>
				<NamedMeasurement type="text/string" name="Command Line">
					<Value>/home/tahaziadeh/Desktop/learning/C++/Example/build/test/MatrixVectorMultiplyTests</Value>
				</NamedMeasurement>
				<Measurement>
					<Value encoding="base64" compression="gzip">eJyVUcFKxDAQvecr5rg9NKvePQgrCtJVWvVSisQYu4FkpiRTdf/eZrsUqyzUd5ph3pvHzCt7RIsteGVxlcF7IA9Srlui1hk2kX+WMeh1m6qXRJdai/pyQgPlcdcFJE4cl50fGoi9ZSNFnU9o4MbRq3Lj3OCHDYTe4MA1nPfdL/JsaaE42K9no5lC0Tu2nds/prGooXzawgHNaZq8VV23r7RBFSwNohH3d8tFsDoDH7Olhhs7nBYtYWGjV6x3S03/CCfj/39nlAITK5eJZWGwUSF/o0+cZ30yYwgK5dxouPThqqquN+lFR6EU33GQ0hc=</Value>
				</Measurement>
			</Results>
		</Test>
		<EndDateTime>Apr 27 03:46 EEST</EndDateTime>
		<EndTestTime>1587948408</EndTestTime>
		<ElapsedMinutes>0</ElapsedMinutes>
	</Testing>
</Site>
