Start testing: Apr 27 02:49 EEST
----------------------------------------------------------
1/1 Testing: MatrixVectorMultiplyTests
1/1 Test: MatrixVectorMultiplyTests
Command: "/home/tahaziadeh/Desktop/learning/C++/Example/build/test/MatrixVectorMultiplyTests"
Directory: /home/tahaziadeh/Desktop/learning/C++/Example/build/test
"MatrixVectorMultiplyTests" start time: Apr 27 02:49 EEST
Output:
----------------------------------------------------------
Running main() from ../googletest/googletest/src/gtest_main.cc
[==========] Running 2 tests from 1 test suite.
[----------] Global test environment set-up.
[----------] 2 tests from MatrixVectorMultiplyTests
[ RUN      ] MatrixVectorMultiplyTests.HappyScenario
[       OK ] MatrixVectorMultiplyTests.HappyScenario (0 ms)
[ RUN      ] MatrixVectorMultiplyTests.DimensionMismatch
[       OK ] MatrixVectorMultiplyTests.DimensionMismatch (0 ms)
[----------] 2 tests from MatrixVectorMultiplyTests (1 ms total)

[----------] Global test environment tear-down
[==========] 2 tests from 1 test suite ran. (1 ms total)
[  PASSED  ] 2 tests.
<end of output>
Test time =   0.01 sec
----------------------------------------------------------
Test Passed.
"MatrixVectorMultiplyTests" end time: Apr 27 02:49 EEST
"MatrixVectorMultiplyTests" time elapsed: 00:00:00
----------------------------------------------------------

End testing: Apr 27 02:49 EEST
