<?xml version="1.0" encoding="UTF-8"?>
<Site BuildName="(empty)"
	BuildStamp="20200426-2154-Experimental"
	Name="(empty)"
	Generator="ctest-3.17.1"
	CompilerName=""
	CompilerVersion=""
	OSName="Linux"
	Hostname="tahaziadeh-HP-Pavilion-g6-Notebook-PC"
	OSRelease="4.15.0-88-generic"
	OSVersion="#88~16.04.1-Ubuntu SMP Wed Feb 12 04:19:15 UTC 2020"
	OSPlatform="x86_64"
	Is64Bits="1"
	VendorString="GenuineIntel"
	VendorID="Intel Corporation"
	FamilyID="6"
	ModelID="42"
	ProcessorCacheSize="3072"
	NumberOfLogicalCPU="4"
	NumberOfPhysicalCPU="2"
	TotalVirtualMemory="8138"
	TotalPhysicalMemory="7923"
	LogicalProcessorsPerPhysical="2"
	ProcessorClockFrequency="2761.4"
	>
	<Testing>
		<StartDateTime>Apr 27 02:49 EEST</StartDateTime>
		<StartTestTime>1587944953</StartTestTime>
		<TestList>
			<Test>./test/MatrixVectorMultiplyTests</Test>
		</TestList>
		<Test Status="passed">
			<Name>MatrixVectorMultiplyTests</Name>
			<Path>./test</Path>
			<FullName>./test/MatrixVectorMultiplyTests</FullName>
			<FullCommandLine>/home/tahaziadeh/Desktop/learning/C++/Example/build/test/MatrixVectorMultiplyTests</FullCommandLine>
			<Results>
				<NamedMeasurement type="numeric/double" name="Execution Time">
					<Value>0.0134004</Value>
				</NamedMeasurement>
				<NamedMeasurement type="numeric/double" name="Processors">
					<Value>1</Value>
				</NamedMeasurement>
				<NamedMeasurement type="text/string" name="Completion Status">
					<Value>Completed</Value>
				</NamedMeasurement>
				<NamedMeasurement type="text/string" name="Command Line">
					<Value>/home/tahaziadeh/Desktop/learning/C++/Example/build/test/MatrixVectorMultiplyTests</Value>
				</NamedMeasurement>
				<Measurement>
					<Value encoding="base64" compression="gzip">eJyVUcFKxDAQvecr5tgemt317kFYUZCqtOqlFIkxdgPJpCRTdf/eZLsUqyx032mGeW8eM68aEDV2YIXGLIcP7yxwvuqc64wiFeh3Gbxcdal6TXQuJWsuJ7RQHXddQOKEcdnm0EAYNCnOmmJCCzfGvQkzzhV+au/QKoxcRcXQ/yHPlpaCvP5+UZKcLwdDujf7pzRmDVTP93BAe5rGb0Xf72upUHjtomjEw91yEWRrsCFfarjV8bSgHZY6WEFyt9T0n3AyPv87kG2iFMiRMDlbFgYp4Yt394XzrE9mDF4gnxvFSx+v6vp6m150FHL2A3I90hk=</Value>
				</Measurement>
			</Results>
		</Test>
		<EndDateTime>Apr 27 02:49 EEST</EndDateTime>
		<EndTestTime>1587944953</EndTestTime>
		<ElapsedMinutes>0</ElapsedMinutes>
	</Testing>
</Site>
